c:\users\dalen\desktop\s4\paralelno programiranje\projekat\parallel_web_scraper\parallel_web_scraper\parallel.49e45256\x64\release\analyzer.obj
c:\users\dalen\desktop\s4\paralelno programiranje\projekat\parallel_web_scraper\parallel_web_scraper\parallel.49e45256\x64\release\urlmanager.obj
c:\users\dalen\desktop\s4\paralelno programiranje\projekat\parallel_web_scraper\parallel_web_scraper\parallel.49e45256\x64\release\storage.obj
c:\users\dalen\desktop\s4\paralelno programiranje\projekat\parallel_web_scraper\parallel_web_scraper\parallel.49e45256\x64\release\main.obj
c:\users\dalen\desktop\s4\paralelno programiranje\projekat\parallel_web_scraper\parallel_web_scraper\parallel.49e45256\x64\release\downloader.obj
c:\users\dalen\desktop\s4\paralelno programiranje\projekat\parallel_web_scraper\parallel_web_scraper\x64\release\parallelwebscraper.pdb
c:\users\dalen\desktop\s4\paralelno programiranje\projekat\parallel_web_scraper\parallel_web_scraper\x64\release\parallelwebscraper.exe
c:\users\dalen\desktop\s4\paralelno programiranje\projekat\parallel_web_scraper\parallel_web_scraper\parallel.49e45256\x64\release\parallel.49e45256.tlog\cl.items.tlog
c:\users\dalen\desktop\s4\paralelno programiranje\projekat\parallel_web_scraper\parallel_web_scraper\parallel.49e45256\x64\release\parallel.49e45256.tlog\icx-cl-clang-cl.10308.delete.1.tlog
c:\users\dalen\desktop\s4\paralelno programiranje\projekat\parallel_web_scraper\parallel_web_scraper\parallel.49e45256\x64\release\parallel.49e45256.tlog\icx-cl-clang-cl.10308.read.1.tlog
c:\users\dalen\desktop\s4\paralelno programiranje\projekat\parallel_web_scraper\parallel_web_scraper\parallel.49e45256\x64\release\parallel.49e45256.tlog\icx-cl-clang-cl.10308.write.1.tlog
c:\users\dalen\desktop\s4\paralelno programiranje\projekat\parallel_web_scraper\parallel_web_scraper\parallel.49e45256\x64\release\parallel.49e45256.tlog\icx-cl-clang-cl.11744.delete.1.tlog
c:\users\dalen\desktop\s4\paralelno programiranje\projekat\parallel_web_scraper\parallel_web_scraper\parallel.49e45256\x64\release\parallel.49e45256.tlog\icx-cl-clang-cl.11744.read.1.tlog
c:\users\dalen\desktop\s4\paralelno programiranje\projekat\parallel_web_scraper\parallel_web_scraper\parallel.49e45256\x64\release\parallel.49e45256.tlog\icx-cl-clang-cl.11744.write.1.tlog
c:\users\dalen\desktop\s4\paralelno programiranje\projekat\parallel_web_scraper\parallel_web_scraper\parallel.49e45256\x64\release\parallel.49e45256.tlog\icx-cl-clang-cl.14672.delete.1.tlog
c:\users\dalen\desktop\s4\paralelno programiranje\projekat\parallel_web_scraper\parallel_web_scraper\parallel.49e45256\x64\release\parallel.49e45256.tlog\icx-cl-clang-cl.14672.read.1.tlog
c:\users\dalen\desktop\s4\paralelno programiranje\projekat\parallel_web_scraper\parallel_web_scraper\parallel.49e45256\x64\release\parallel.49e45256.tlog\icx-cl-clang-cl.14672.write.1.tlog
c:\users\dalen\desktop\s4\paralelno programiranje\projekat\parallel_web_scraper\parallel_web_scraper\parallel.49e45256\x64\release\parallel.49e45256.tlog\icx-cl-clang-cl.15608.delete.1.tlog
c:\users\dalen\desktop\s4\paralelno programiranje\projekat\parallel_web_scraper\parallel_web_scraper\parallel.49e45256\x64\release\parallel.49e45256.tlog\icx-cl-clang-cl.15608.read.1.tlog
c:\users\dalen\desktop\s4\paralelno programiranje\projekat\parallel_web_scraper\parallel_web_scraper\parallel.49e45256\x64\release\parallel.49e45256.tlog\icx-cl-clang-cl.15608.write.1.tlog
c:\users\dalen\desktop\s4\paralelno programiranje\projekat\parallel_web_scraper\parallel_web_scraper\parallel.49e45256\x64\release\parallel.49e45256.tlog\icx-cl-clang-cl.16136.delete.1.tlog
c:\users\dalen\desktop\s4\paralelno programiranje\projekat\parallel_web_scraper\parallel_web_scraper\parallel.49e45256\x64\release\parallel.49e45256.tlog\icx-cl-clang-cl.16136.read.1.tlog
c:\users\dalen\desktop\s4\paralelno programiranje\projekat\parallel_web_scraper\parallel_web_scraper\parallel.49e45256\x64\release\parallel.49e45256.tlog\icx-cl-clang-cl.16136.write.1.tlog
c:\users\dalen\desktop\s4\paralelno programiranje\projekat\parallel_web_scraper\parallel_web_scraper\parallel.49e45256\x64\release\parallel.49e45256.tlog\icx-cl-clang-cl.read.1.tlog
c:\users\dalen\desktop\s4\paralelno programiranje\projekat\parallel_web_scraper\parallel_web_scraper\parallel.49e45256\x64\release\parallel.49e45256.tlog\icx-cl.command.1.tlog
c:\users\dalen\desktop\s4\paralelno programiranje\projekat\parallel_web_scraper\parallel_web_scraper\parallel.49e45256\x64\release\parallel.49e45256.tlog\icx-cl.read.1.tlog
c:\users\dalen\desktop\s4\paralelno programiranje\projekat\parallel_web_scraper\parallel_web_scraper\parallel.49e45256\x64\release\parallel.49e45256.tlog\icx-cl.write.1.tlog
c:\users\dalen\desktop\s4\paralelno programiranje\projekat\parallel_web_scraper\parallel_web_scraper\parallel.49e45256\x64\release\parallel.49e45256.tlog\xilink-clang.read.1.tlog
c:\users\dalen\desktop\s4\paralelno programiranje\projekat\parallel_web_scraper\parallel_web_scraper\parallel.49e45256\x64\release\parallel.49e45256.tlog\xilink-lld-link.delete.1.tlog
c:\users\dalen\desktop\s4\paralelno programiranje\projekat\parallel_web_scraper\parallel_web_scraper\parallel.49e45256\x64\release\parallel.49e45256.tlog\xilink-lld-link.read.1.tlog
c:\users\dalen\desktop\s4\paralelno programiranje\projekat\parallel_web_scraper\parallel_web_scraper\parallel.49e45256\x64\release\parallel.49e45256.tlog\xilink-lld-link.read.2.tlog
c:\users\dalen\desktop\s4\paralelno programiranje\projekat\parallel_web_scraper\parallel_web_scraper\parallel.49e45256\x64\release\parallel.49e45256.tlog\xilink-lld-link.read.3.tlog
c:\users\dalen\desktop\s4\paralelno programiranje\projekat\parallel_web_scraper\parallel_web_scraper\parallel.49e45256\x64\release\parallel.49e45256.tlog\xilink-lld-link.read.4.tlog
c:\users\dalen\desktop\s4\paralelno programiranje\projekat\parallel_web_scraper\parallel_web_scraper\parallel.49e45256\x64\release\parallel.49e45256.tlog\xilink-lld-link.write.1.tlog
c:\users\dalen\desktop\s4\paralelno programiranje\projekat\parallel_web_scraper\parallel_web_scraper\parallel.49e45256\x64\release\parallel.49e45256.tlog\xilink.command.1.tlog
c:\users\dalen\desktop\s4\paralelno programiranje\projekat\parallel_web_scraper\parallel_web_scraper\parallel.49e45256\x64\release\parallel.49e45256.tlog\xilink.read.1.tlog
c:\users\dalen\desktop\s4\paralelno programiranje\projekat\parallel_web_scraper\parallel_web_scraper\parallel.49e45256\x64\release\parallel.49e45256.tlog\xilink.write.1.tlog
